1590609624.286 : radical.saga         : 23184 : 140617938597632 : INFO     : radical.saga         version: 1.3.0
1590609624.287 : radical.saga         : 23184 : 140617938597632 : DEBUG    : listing  adaptor registry: {'adaptor_registry': ['radical.saga.adaptors.context.myproxy', 'radical.saga.adaptors.context.x509', 'radical.saga.adaptors.context.ssh', 'radical.saga.adaptors.context.userpass', 'radical.saga.adaptors.noop.noop_job', 'radical.saga.adaptors.shell.shell_job', 'radical.saga.adaptors.shell.shell_file', 'radical.saga.adaptors.shell.shell_resource', 'radical.saga.adaptors.redis.redis_advert', 'radical.saga.adaptors.sge.sgejob', 'radical.saga.adaptors.lsf.lsfjob', 'radical.saga.adaptors.condor.condorjob', 'radical.saga.adaptors.slurm.slurm_job', 'radical.saga.adaptors.http.http_file', 'radical.saga.adaptors.aws.ec2_resource', 'radical.saga.adaptors.loadl.loadljob', 'radical.saga.adaptors.globus_online.go_file', 'radical.saga.adaptors.torque.torquejob', 'radical.saga.adaptors.pbspro.pbsprojob', 'radical.saga.adaptors.srm.srmfile', 'radical.saga.adaptors.cobalt.cobaltjob']}
1590609624.287 : radical.saga         : 23184 : 140617938597632 : INFO     : loading  adaptor radical.saga.adaptors.context.myproxy
1590609624.290 : radical.saga         : 23184 : 140617938597632 : INFO     : Register adaptor radical.saga.adaptors.context.myproxy for radical.saga.Context API: ['myproxy://']
1590609624.290 : radical.saga         : 23184 : 140617938597632 : INFO     : loading  adaptor radical.saga.adaptors.context.x509
1590609624.291 : radical.saga         : 23184 : 140617938597632 : INFO     : Register adaptor radical.saga.adaptors.context.x509 for radical.saga.Context API: ['x509://']
1590609624.291 : radical.saga         : 23184 : 140617938597632 : INFO     : loading  adaptor radical.saga.adaptors.context.ssh
1590609624.293 : radical.saga         : 23184 : 140617938597632 : INFO     : Register adaptor radical.saga.adaptors.context.ssh for radical.saga.Context API: ['ssh://']
1590609624.293 : radical.saga         : 23184 : 140617938597632 : INFO     : loading  adaptor radical.saga.adaptors.context.userpass
1590609624.294 : radical.saga         : 23184 : 140617938597632 : INFO     : Register adaptor radical.saga.adaptors.context.userpass for radical.saga.Context API: ['userpass://']
1590609624.294 : radical.saga         : 23184 : 140617938597632 : INFO     : loading  adaptor radical.saga.adaptors.noop.noop_job
1590609624.297 : radical.saga         : 23184 : 140617938597632 : INFO     : Register adaptor radical.saga.adaptors.noop.noop_job for radical.saga.job.Service API: ['noop://']
1590609624.297 : radical.saga         : 23184 : 140617938597632 : INFO     : Register adaptor radical.saga.adaptors.noop.noop_job for radical.saga.job.Job API: ['noop://']
1590609624.297 : radical.saga         : 23184 : 140617938597632 : INFO     : loading  adaptor radical.saga.adaptors.shell.shell_job
1590609624.301 : radical.saga         : 23184 : 140617938597632 : INFO     : Register adaptor radical.saga.adaptors.shell.shell_job for radical.saga.job.Service API: ['fork://', 'local://', 'ssh://', 'gsissh://']
1590609624.301 : radical.saga         : 23184 : 140617938597632 : INFO     : Register adaptor radical.saga.adaptors.shell.shell_job for radical.saga.job.Job API: ['fork://', 'local://', 'ssh://', 'gsissh://']
1590609624.301 : radical.saga         : 23184 : 140617938597632 : INFO     : loading  adaptor radical.saga.adaptors.shell.shell_file
1590609624.306 : radical.saga         : 23184 : 140617938597632 : INFO     : Register adaptor radical.saga.adaptors.shell.shell_file for radical.saga.namespace.Directory API: ['file://', 'local://', 'sftp://', 'gsisftp://', 'ssh://', 'gsissh://']
1590609624.306 : radical.saga         : 23184 : 140617938597632 : INFO     : Register adaptor radical.saga.adaptors.shell.shell_file for radical.saga.namespace.Entry API: ['file://', 'local://', 'sftp://', 'gsisftp://', 'ssh://', 'gsissh://']
1590609624.306 : radical.saga         : 23184 : 140617938597632 : INFO     : Register adaptor radical.saga.adaptors.shell.shell_file for radical.saga.filesystem.Directory API: ['file://', 'local://', 'sftp://', 'gsisftp://', 'ssh://', 'gsissh://']
1590609624.306 : radical.saga         : 23184 : 140617938597632 : INFO     : Register adaptor radical.saga.adaptors.shell.shell_file for radical.saga.filesystem.File API: ['file://', 'local://', 'sftp://', 'gsisftp://', 'ssh://', 'gsissh://']
1590609624.306 : radical.saga         : 23184 : 140617938597632 : INFO     : loading  adaptor radical.saga.adaptors.shell.shell_resource
1590609624.309 : radical.saga         : 23184 : 140617938597632 : WARNING  : skip beta adaptor radical.saga.adaptors.shell.shell_resource (version v0.1.beta)
1590609624.309 : radical.saga         : 23184 : 140617938597632 : INFO     : loading  adaptor radical.saga.adaptors.redis.redis_advert
1590609624.310 : radical.saga         : 23184 : 140617938597632 : ERROR    : skip adaptor radical.saga.adaptors.redis.redis_advert: import failed (No module named 'redis')
Traceback (most recent call last):
  File "/home/aymen/radical.pilot.sandbox/rp.session.js-17-21.jetstream-cloud.org.aymen.018409.0006/pilot.0000/rp_install/lib/python3.7/site-packages/radical/saga/engine/engine.py", line 174, in _load_adaptors
    adaptor_module = ru.import_module(module_name)
  File "/home/aymen/radical.pilot.sandbox/rp.session.js-17-21.jetstream-cloud.org.aymen.018409.0006/pilot.0000/rp_install/lib/python3.7/site-packages/radical/utils/modules.py", line 21, in import_module
    mod = __import__(name)
  File "/home/aymen/radical.pilot.sandbox/rp.session.js-17-21.jetstream-cloud.org.aymen.018409.0006/pilot.0000/rp_install/lib/python3.7/site-packages/radical/saga/adaptors/redis/redis_advert.py", line 9, in <module>
    from . import redis_namespace as rns
  File "/home/aymen/radical.pilot.sandbox/rp.session.js-17-21.jetstream-cloud.org.aymen.018409.0006/pilot.0000/rp_install/lib/python3.7/site-packages/radical/saga/adaptors/redis/redis_namespace.py", line 52, in <module>
    import redis
ModuleNotFoundError: No module named 'redis'
1590609624.312 : radical.saga         : 23184 : 140617938597632 : INFO     : loading  adaptor radical.saga.adaptors.sge.sgejob
1590609624.315 : radical.saga         : 23184 : 140617938597632 : INFO     : Register adaptor radical.saga.adaptors.sge.sgejob for radical.saga.job.Service API: ['sge://', 'sge+ssh://', 'sge+gsissh://']
1590609624.315 : radical.saga         : 23184 : 140617938597632 : INFO     : Register adaptor radical.saga.adaptors.sge.sgejob for radical.saga.job.Job API: ['sge://', 'sge+ssh://', 'sge+gsissh://']
1590609624.315 : radical.saga         : 23184 : 140617938597632 : INFO     : loading  adaptor radical.saga.adaptors.lsf.lsfjob
1590609624.316 : radical.saga         : 23184 : 140617938597632 : INFO     : Register adaptor radical.saga.adaptors.lsf.lsfjob for radical.saga.job.Service API: ['lsf://', 'lsf+ssh://', 'lsf+gsissh://']
1590609624.316 : radical.saga         : 23184 : 140617938597632 : INFO     : Register adaptor radical.saga.adaptors.lsf.lsfjob for radical.saga.job.Job API: ['lsf://', 'lsf+ssh://', 'lsf+gsissh://']
1590609624.316 : radical.saga         : 23184 : 140617938597632 : INFO     : loading  adaptor radical.saga.adaptors.condor.condorjob
1590609624.319 : radical.saga         : 23184 : 140617938597632 : INFO     : Register adaptor radical.saga.adaptors.condor.condorjob for radical.saga.job.Service API: ['condor://', 'condor+ssh://', 'condor+gsissh://']
1590609624.319 : radical.saga         : 23184 : 140617938597632 : INFO     : Register adaptor radical.saga.adaptors.condor.condorjob for radical.saga.job.Job API: ['condor://', 'condor+ssh://', 'condor+gsissh://']
1590609624.319 : radical.saga         : 23184 : 140617938597632 : INFO     : loading  adaptor radical.saga.adaptors.slurm.slurm_job
1590609624.321 : radical.saga         : 23184 : 140617938597632 : INFO     : Register adaptor radical.saga.adaptors.slurm.slurm_job for radical.saga.job.Service API: ['slurm://', 'slurm+ssh://', 'slurm+gsissh://']
1590609624.321 : radical.saga         : 23184 : 140617938597632 : INFO     : Register adaptor radical.saga.adaptors.slurm.slurm_job for radical.saga.job.Job API: ['slurm://', 'slurm+ssh://', 'slurm+gsissh://']
1590609624.321 : radical.saga         : 23184 : 140617938597632 : INFO     : loading  adaptor radical.saga.adaptors.http.http_file
1590609624.330 : radical.saga         : 23184 : 140617938597632 : INFO     : Register adaptor radical.saga.adaptors.http.http_file for radical.saga.namespace.Entry API: ['http://', 'https://']
1590609624.330 : radical.saga         : 23184 : 140617938597632 : INFO     : Register adaptor radical.saga.adaptors.http.http_file for radical.saga.filesystem.File API: ['http://', 'https://']
1590609624.330 : radical.saga         : 23184 : 140617938597632 : INFO     : loading  adaptor radical.saga.adaptors.aws.ec2_resource
1590609624.334 : radical.saga         : 23184 : 140617938597632 : ERROR    : skip adaptor radical.saga.adaptors.aws.ec2_resource: test failed
Traceback (most recent call last):
  File "/home/aymen/radical.pilot.sandbox/rp.session.js-17-21.jetstream-cloud.org.aymen.018409.0006/pilot.0000/rp_install/lib/python3.7/site-packages/radical/saga/adaptors/aws/ec2_resource.py", line 144, in sanity_check
    self.lc   = __import__ ('libcloud',                   fromlist=[''])
ModuleNotFoundError: No module named 'libcloud'

The above exception was the direct cause of the following exception:

Traceback (most recent call last):
  File "/home/aymen/radical.pilot.sandbox/rp.session.js-17-21.jetstream-cloud.org.aymen.018409.0006/pilot.0000/rp_install/lib/python3.7/site-packages/radical/saga/engine/engine.py", line 207, in _load_adaptors
    adaptor_instance.sanity_check ()
  File "/home/aymen/radical.pilot.sandbox/rp.session.js-17-21.jetstream-cloud.org.aymen.018409.0006/pilot.0000/rp_install/lib/python3.7/site-packages/radical/saga/adaptors/aws/ec2_resource.py", line 178, in sanity_check
    raise rse.NoSuccess ("Cannot load libcloud") from e
radical.saga.exceptions.NoSuccess: Cannot load libcloud (/home/aymen/radical.pilot.sandbox/rp.session.js-17-21.jetstream-cloud.org.aymen.018409.0006/pilot.0000/rp_install/lib/python3.7/site-packages/radical/saga/adaptors/aws/ec2_resource.py +178 (sanity_check)  :  raise rse.NoSuccess ("Cannot load libcloud") from e)
1590609624.334 : radical.saga         : 23184 : 140617938597632 : INFO     : loading  adaptor radical.saga.adaptors.loadl.loadljob
1590609624.336 : radical.saga         : 23184 : 140617938597632 : INFO     : Register adaptor radical.saga.adaptors.loadl.loadljob for radical.saga.job.Service API: ['loadl://', 'loadl+ssh://', 'loadl+gsissh://']
1590609624.336 : radical.saga         : 23184 : 140617938597632 : INFO     : Register adaptor radical.saga.adaptors.loadl.loadljob for radical.saga.job.Job API: ['loadl://', 'loadl+ssh://', 'loadl+gsissh://']
1590609624.336 : radical.saga         : 23184 : 140617938597632 : INFO     : loading  adaptor radical.saga.adaptors.globus_online.go_file
1590609624.338 : radical.saga         : 23184 : 140617938597632 : INFO     : Register adaptor radical.saga.adaptors.globus_online.go_file for radical.saga.namespace.Directory API: ['go://']
1590609624.338 : radical.saga         : 23184 : 140617938597632 : INFO     : Register adaptor radical.saga.adaptors.globus_online.go_file for radical.saga.namespace.Entry API: ['go://']
1590609624.338 : radical.saga         : 23184 : 140617938597632 : INFO     : Register adaptor radical.saga.adaptors.globus_online.go_file for radical.saga.filesystem.Directory API: ['go://']
1590609624.338 : radical.saga         : 23184 : 140617938597632 : INFO     : Register adaptor radical.saga.adaptors.globus_online.go_file for radical.saga.filesystem.File API: ['go://']
1590609624.338 : radical.saga         : 23184 : 140617938597632 : INFO     : loading  adaptor radical.saga.adaptors.torque.torquejob
1590609624.339 : radical.saga         : 23184 : 140617938597632 : INFO     : Register adaptor radical.saga.adaptors.torque.torquejob for radical.saga.job.Service API: ['torque://', 'torque+ssh://', 'torque+gsissh://']
1590609624.339 : radical.saga         : 23184 : 140617938597632 : INFO     : Register adaptor radical.saga.adaptors.torque.torquejob for radical.saga.job.Job API: ['torque://', 'torque+ssh://', 'torque+gsissh://']
1590609624.339 : radical.saga         : 23184 : 140617938597632 : INFO     : loading  adaptor radical.saga.adaptors.pbspro.pbsprojob
1590609624.341 : radical.saga         : 23184 : 140617938597632 : INFO     : Register adaptor radical.saga.adaptors.pbspro.pbsprojob for radical.saga.job.Service API: ['pbspro://', 'pbspro+ssh://', 'pbspro+gsissh://']
1590609624.341 : radical.saga         : 23184 : 140617938597632 : INFO     : Register adaptor radical.saga.adaptors.pbspro.pbsprojob for radical.saga.job.Job API: ['pbspro://', 'pbspro+ssh://', 'pbspro+gsissh://']
1590609624.341 : radical.saga         : 23184 : 140617938597632 : INFO     : loading  adaptor radical.saga.adaptors.srm.srmfile
1590609624.342 : radical.saga         : 23184 : 140617938597632 : INFO     : Register adaptor radical.saga.adaptors.srm.srmfile for radical.saga.namespace.Directory API: ['srm://']
1590609624.342 : radical.saga         : 23184 : 140617938597632 : INFO     : Register adaptor radical.saga.adaptors.srm.srmfile for radical.saga.namespace.Entry API: ['srm://']
1590609624.342 : radical.saga         : 23184 : 140617938597632 : INFO     : Register adaptor radical.saga.adaptors.srm.srmfile for radical.saga.filesystem.Directory API: ['srm://']
1590609624.342 : radical.saga         : 23184 : 140617938597632 : INFO     : Register adaptor radical.saga.adaptors.srm.srmfile for radical.saga.filesystem.File API: ['srm://']
1590609624.343 : radical.saga         : 23184 : 140617938597632 : INFO     : loading  adaptor radical.saga.adaptors.cobalt.cobaltjob
1590609624.345 : radical.saga         : 23184 : 140617938597632 : INFO     : Register adaptor radical.saga.adaptors.cobalt.cobaltjob for radical.saga.job.Service API: ['cobalt://', 'cobalt+ssh://', 'cobalt+gsissh://']
1590609624.345 : radical.saga         : 23184 : 140617938597632 : INFO     : Register adaptor radical.saga.adaptors.cobalt.cobaltjob for radical.saga.job.Job API: ['cobalt://', 'cobalt+ssh://', 'cobalt+gsissh://']
1590609624.349 : radical.saga         : 23184 : 140617938597632 : DEBUG    : default context [radical.saga.adaptor.x509] : {'LifeTime' : '-1', 'Type' : 'X509', 'UserProxy' : '/tmp/x509up_u1000'}
1590609624.351 : radical.saga         : 23184 : 140617938597632 : WARNING  : cannot initialize context - no session: {'LifeTime' : '-1', 'Type' : 'X509', 'UserProxy' : '/tmp/x509up_u1000'}
1590609635.394 : radical.saga         : 23408 : 140095194384128 : INFO     : radical.saga         version: 1.3.0
1590609635.395 : radical.saga         : 23408 : 140095194384128 : DEBUG    : listing  adaptor registry: {'adaptor_registry': ['radical.saga.adaptors.context.myproxy', 'radical.saga.adaptors.context.x509', 'radical.saga.adaptors.context.ssh', 'radical.saga.adaptors.context.userpass', 'radical.saga.adaptors.noop.noop_job', 'radical.saga.adaptors.shell.shell_job', 'radical.saga.adaptors.shell.shell_file', 'radical.saga.adaptors.shell.shell_resource', 'radical.saga.adaptors.redis.redis_advert', 'radical.saga.adaptors.sge.sgejob', 'radical.saga.adaptors.lsf.lsfjob', 'radical.saga.adaptors.condor.condorjob', 'radical.saga.adaptors.slurm.slurm_job', 'radical.saga.adaptors.http.http_file', 'radical.saga.adaptors.aws.ec2_resource', 'radical.saga.adaptors.loadl.loadljob', 'radical.saga.adaptors.globus_online.go_file', 'radical.saga.adaptors.torque.torquejob', 'radical.saga.adaptors.pbspro.pbsprojob', 'radical.saga.adaptors.srm.srmfile', 'radical.saga.adaptors.cobalt.cobaltjob']}
1590609635.395 : radical.saga         : 23408 : 140095194384128 : INFO     : loading  adaptor radical.saga.adaptors.context.myproxy
1590609635.398 : radical.saga         : 23408 : 140095194384128 : INFO     : Register adaptor radical.saga.adaptors.context.myproxy for radical.saga.Context API: ['myproxy://']
1590609635.398 : radical.saga         : 23408 : 140095194384128 : INFO     : loading  adaptor radical.saga.adaptors.context.x509
1590609635.400 : radical.saga         : 23408 : 140095194384128 : INFO     : Register adaptor radical.saga.adaptors.context.x509 for radical.saga.Context API: ['x509://']
1590609635.401 : radical.saga         : 23408 : 140095194384128 : INFO     : loading  adaptor radical.saga.adaptors.context.ssh
1590609635.401 : radical.saga         : 23408 : 140095194384128 : INFO     : Register adaptor radical.saga.adaptors.context.ssh for radical.saga.Context API: ['ssh://']
1590609635.402 : radical.saga         : 23408 : 140095194384128 : INFO     : loading  adaptor radical.saga.adaptors.context.userpass
1590609635.402 : radical.saga         : 23408 : 140095194384128 : INFO     : Register adaptor radical.saga.adaptors.context.userpass for radical.saga.Context API: ['userpass://']
1590609635.403 : radical.saga         : 23408 : 140095194384128 : INFO     : loading  adaptor radical.saga.adaptors.noop.noop_job
1590609635.406 : radical.saga         : 23408 : 140095194384128 : INFO     : Register adaptor radical.saga.adaptors.noop.noop_job for radical.saga.job.Service API: ['noop://']
1590609635.406 : radical.saga         : 23408 : 140095194384128 : INFO     : Register adaptor radical.saga.adaptors.noop.noop_job for radical.saga.job.Job API: ['noop://']
1590609635.406 : radical.saga         : 23408 : 140095194384128 : INFO     : loading  adaptor radical.saga.adaptors.shell.shell_job
1590609635.412 : radical.saga         : 23408 : 140095194384128 : INFO     : Register adaptor radical.saga.adaptors.shell.shell_job for radical.saga.job.Service API: ['fork://', 'local://', 'ssh://', 'gsissh://']
1590609635.412 : radical.saga         : 23408 : 140095194384128 : INFO     : Register adaptor radical.saga.adaptors.shell.shell_job for radical.saga.job.Job API: ['fork://', 'local://', 'ssh://', 'gsissh://']
1590609635.412 : radical.saga         : 23408 : 140095194384128 : INFO     : loading  adaptor radical.saga.adaptors.shell.shell_file
1590609635.415 : radical.saga         : 23408 : 140095194384128 : INFO     : Register adaptor radical.saga.adaptors.shell.shell_file for radical.saga.namespace.Directory API: ['file://', 'local://', 'sftp://', 'gsisftp://', 'ssh://', 'gsissh://']
1590609635.415 : radical.saga         : 23408 : 140095194384128 : INFO     : Register adaptor radical.saga.adaptors.shell.shell_file for radical.saga.namespace.Entry API: ['file://', 'local://', 'sftp://', 'gsisftp://', 'ssh://', 'gsissh://']
1590609635.415 : radical.saga         : 23408 : 140095194384128 : INFO     : Register adaptor radical.saga.adaptors.shell.shell_file for radical.saga.filesystem.Directory API: ['file://', 'local://', 'sftp://', 'gsisftp://', 'ssh://', 'gsissh://']
1590609635.416 : radical.saga         : 23408 : 140095194384128 : INFO     : Register adaptor radical.saga.adaptors.shell.shell_file for radical.saga.filesystem.File API: ['file://', 'local://', 'sftp://', 'gsisftp://', 'ssh://', 'gsissh://']
1590609635.416 : radical.saga         : 23408 : 140095194384128 : INFO     : loading  adaptor radical.saga.adaptors.shell.shell_resource
1590609635.418 : radical.saga         : 23408 : 140095194384128 : WARNING  : skip beta adaptor radical.saga.adaptors.shell.shell_resource (version v0.1.beta)
1590609635.418 : radical.saga         : 23408 : 140095194384128 : INFO     : loading  adaptor radical.saga.adaptors.redis.redis_advert
1590609635.419 : radical.saga         : 23408 : 140095194384128 : ERROR    : skip adaptor radical.saga.adaptors.redis.redis_advert: import failed (No module named 'redis')
Traceback (most recent call last):
  File "/home/aymen/radical.pilot.sandbox/rp.session.js-17-21.jetstream-cloud.org.aymen.018409.0006/pilot.0000/rp_install/lib/python3.7/site-packages/radical/saga/engine/engine.py", line 174, in _load_adaptors
    adaptor_module = ru.import_module(module_name)
  File "/home/aymen/radical.pilot.sandbox/rp.session.js-17-21.jetstream-cloud.org.aymen.018409.0006/pilot.0000/rp_install/lib/python3.7/site-packages/radical/utils/modules.py", line 21, in import_module
    mod = __import__(name)
  File "/home/aymen/radical.pilot.sandbox/rp.session.js-17-21.jetstream-cloud.org.aymen.018409.0006/pilot.0000/rp_install/lib/python3.7/site-packages/radical/saga/adaptors/redis/redis_advert.py", line 9, in <module>
    from . import redis_namespace as rns
  File "/home/aymen/radical.pilot.sandbox/rp.session.js-17-21.jetstream-cloud.org.aymen.018409.0006/pilot.0000/rp_install/lib/python3.7/site-packages/radical/saga/adaptors/redis/redis_namespace.py", line 52, in <module>
    import redis
ModuleNotFoundError: No module named 'redis'
1590609635.421 : radical.saga         : 23408 : 140095194384128 : INFO     : loading  adaptor radical.saga.adaptors.sge.sgejob
1590609635.424 : radical.saga         : 23408 : 140095194384128 : INFO     : Register adaptor radical.saga.adaptors.sge.sgejob for radical.saga.job.Service API: ['sge://', 'sge+ssh://', 'sge+gsissh://']
1590609635.424 : radical.saga         : 23408 : 140095194384128 : INFO     : Register adaptor radical.saga.adaptors.sge.sgejob for radical.saga.job.Job API: ['sge://', 'sge+ssh://', 'sge+gsissh://']
1590609635.424 : radical.saga         : 23408 : 140095194384128 : INFO     : loading  adaptor radical.saga.adaptors.lsf.lsfjob
1590609635.426 : radical.saga         : 23408 : 140095194384128 : INFO     : Register adaptor radical.saga.adaptors.lsf.lsfjob for radical.saga.job.Service API: ['lsf://', 'lsf+ssh://', 'lsf+gsissh://']
1590609635.426 : radical.saga         : 23408 : 140095194384128 : INFO     : Register adaptor radical.saga.adaptors.lsf.lsfjob for radical.saga.job.Job API: ['lsf://', 'lsf+ssh://', 'lsf+gsissh://']
1590609635.426 : radical.saga         : 23408 : 140095194384128 : INFO     : loading  adaptor radical.saga.adaptors.condor.condorjob
1590609635.428 : radical.saga         : 23408 : 140095194384128 : INFO     : Register adaptor radical.saga.adaptors.condor.condorjob for radical.saga.job.Service API: ['condor://', 'condor+ssh://', 'condor+gsissh://']
1590609635.428 : radical.saga         : 23408 : 140095194384128 : INFO     : Register adaptor radical.saga.adaptors.condor.condorjob for radical.saga.job.Job API: ['condor://', 'condor+ssh://', 'condor+gsissh://']
1590609635.428 : radical.saga         : 23408 : 140095194384128 : INFO     : loading  adaptor radical.saga.adaptors.slurm.slurm_job
1590609635.430 : radical.saga         : 23408 : 140095194384128 : INFO     : Register adaptor radical.saga.adaptors.slurm.slurm_job for radical.saga.job.Service API: ['slurm://', 'slurm+ssh://', 'slurm+gsissh://']
1590609635.430 : radical.saga         : 23408 : 140095194384128 : INFO     : Register adaptor radical.saga.adaptors.slurm.slurm_job for radical.saga.job.Job API: ['slurm://', 'slurm+ssh://', 'slurm+gsissh://']
1590609635.430 : radical.saga         : 23408 : 140095194384128 : INFO     : loading  adaptor radical.saga.adaptors.http.http_file
1590609635.439 : radical.saga         : 23408 : 140095194384128 : INFO     : Register adaptor radical.saga.adaptors.http.http_file for radical.saga.namespace.Entry API: ['http://', 'https://']
1590609635.439 : radical.saga         : 23408 : 140095194384128 : INFO     : Register adaptor radical.saga.adaptors.http.http_file for radical.saga.filesystem.File API: ['http://', 'https://']
1590609635.439 : radical.saga         : 23408 : 140095194384128 : INFO     : loading  adaptor radical.saga.adaptors.aws.ec2_resource
1590609635.443 : radical.saga         : 23408 : 140095194384128 : ERROR    : skip adaptor radical.saga.adaptors.aws.ec2_resource: test failed
Traceback (most recent call last):
  File "/home/aymen/radical.pilot.sandbox/rp.session.js-17-21.jetstream-cloud.org.aymen.018409.0006/pilot.0000/rp_install/lib/python3.7/site-packages/radical/saga/adaptors/aws/ec2_resource.py", line 144, in sanity_check
    self.lc   = __import__ ('libcloud',                   fromlist=[''])
ModuleNotFoundError: No module named 'libcloud'

The above exception was the direct cause of the following exception:

Traceback (most recent call last):
  File "/home/aymen/radical.pilot.sandbox/rp.session.js-17-21.jetstream-cloud.org.aymen.018409.0006/pilot.0000/rp_install/lib/python3.7/site-packages/radical/saga/engine/engine.py", line 207, in _load_adaptors
    adaptor_instance.sanity_check ()
  File "/home/aymen/radical.pilot.sandbox/rp.session.js-17-21.jetstream-cloud.org.aymen.018409.0006/pilot.0000/rp_install/lib/python3.7/site-packages/radical/saga/adaptors/aws/ec2_resource.py", line 178, in sanity_check
    raise rse.NoSuccess ("Cannot load libcloud") from e
radical.saga.exceptions.NoSuccess: Cannot load libcloud (/home/aymen/radical.pilot.sandbox/rp.session.js-17-21.jetstream-cloud.org.aymen.018409.0006/pilot.0000/rp_install/lib/python3.7/site-packages/radical/saga/adaptors/aws/ec2_resource.py +178 (sanity_check)  :  raise rse.NoSuccess ("Cannot load libcloud") from e)
1590609635.443 : radical.saga         : 23408 : 140095194384128 : INFO     : loading  adaptor radical.saga.adaptors.loadl.loadljob
1590609635.445 : radical.saga         : 23408 : 140095194384128 : INFO     : Register adaptor radical.saga.adaptors.loadl.loadljob for radical.saga.job.Service API: ['loadl://', 'loadl+ssh://', 'loadl+gsissh://']
1590609635.445 : radical.saga         : 23408 : 140095194384128 : INFO     : Register adaptor radical.saga.adaptors.loadl.loadljob for radical.saga.job.Job API: ['loadl://', 'loadl+ssh://', 'loadl+gsissh://']
1590609635.445 : radical.saga         : 23408 : 140095194384128 : INFO     : loading  adaptor radical.saga.adaptors.globus_online.go_file
1590609635.447 : radical.saga         : 23408 : 140095194384128 : INFO     : Register adaptor radical.saga.adaptors.globus_online.go_file for radical.saga.namespace.Directory API: ['go://']
1590609635.447 : radical.saga         : 23408 : 140095194384128 : INFO     : Register adaptor radical.saga.adaptors.globus_online.go_file for radical.saga.namespace.Entry API: ['go://']
1590609635.447 : radical.saga         : 23408 : 140095194384128 : INFO     : Register adaptor radical.saga.adaptors.globus_online.go_file for radical.saga.filesystem.Directory API: ['go://']
1590609635.447 : radical.saga         : 23408 : 140095194384128 : INFO     : Register adaptor radical.saga.adaptors.globus_online.go_file for radical.saga.filesystem.File API: ['go://']
1590609635.447 : radical.saga         : 23408 : 140095194384128 : INFO     : loading  adaptor radical.saga.adaptors.torque.torquejob
1590609635.448 : radical.saga         : 23408 : 140095194384128 : INFO     : Register adaptor radical.saga.adaptors.torque.torquejob for radical.saga.job.Service API: ['torque://', 'torque+ssh://', 'torque+gsissh://']
1590609635.448 : radical.saga         : 23408 : 140095194384128 : INFO     : Register adaptor radical.saga.adaptors.torque.torquejob for radical.saga.job.Job API: ['torque://', 'torque+ssh://', 'torque+gsissh://']
1590609635.448 : radical.saga         : 23408 : 140095194384128 : INFO     : loading  adaptor radical.saga.adaptors.pbspro.pbsprojob
1590609635.450 : radical.saga         : 23408 : 140095194384128 : INFO     : Register adaptor radical.saga.adaptors.pbspro.pbsprojob for radical.saga.job.Service API: ['pbspro://', 'pbspro+ssh://', 'pbspro+gsissh://']
1590609635.450 : radical.saga         : 23408 : 140095194384128 : INFO     : Register adaptor radical.saga.adaptors.pbspro.pbsprojob for radical.saga.job.Job API: ['pbspro://', 'pbspro+ssh://', 'pbspro+gsissh://']
1590609635.450 : radical.saga         : 23408 : 140095194384128 : INFO     : loading  adaptor radical.saga.adaptors.srm.srmfile
1590609635.451 : radical.saga         : 23408 : 140095194384128 : INFO     : Register adaptor radical.saga.adaptors.srm.srmfile for radical.saga.namespace.Directory API: ['srm://']
1590609635.451 : radical.saga         : 23408 : 140095194384128 : INFO     : Register adaptor radical.saga.adaptors.srm.srmfile for radical.saga.namespace.Entry API: ['srm://']
1590609635.451 : radical.saga         : 23408 : 140095194384128 : INFO     : Register adaptor radical.saga.adaptors.srm.srmfile for radical.saga.filesystem.Directory API: ['srm://']
1590609635.451 : radical.saga         : 23408 : 140095194384128 : INFO     : Register adaptor radical.saga.adaptors.srm.srmfile for radical.saga.filesystem.File API: ['srm://']
1590609635.451 : radical.saga         : 23408 : 140095194384128 : INFO     : loading  adaptor radical.saga.adaptors.cobalt.cobaltjob
1590609635.453 : radical.saga         : 23408 : 140095194384128 : INFO     : Register adaptor radical.saga.adaptors.cobalt.cobaltjob for radical.saga.job.Service API: ['cobalt://', 'cobalt+ssh://', 'cobalt+gsissh://']
1590609635.453 : radical.saga         : 23408 : 140095194384128 : INFO     : Register adaptor radical.saga.adaptors.cobalt.cobaltjob for radical.saga.job.Job API: ['cobalt://', 'cobalt+ssh://', 'cobalt+gsissh://']
1590609635.458 : radical.saga         : 23408 : 140095194384128 : DEBUG    : default context [radical.saga.adaptor.x509] : {'LifeTime' : '-1', 'Type' : 'X509', 'UserProxy' : '/tmp/x509up_u1000'}
1590609635.461 : radical.saga         : 23408 : 140095194384128 : WARNING  : cannot initialize context - no session: {'LifeTime' : '-1', 'Type' : 'X509', 'UserProxy' : '/tmp/x509up_u1000'}
1590609635.887 : radical.saga         : 23424 : 139973683570432 : INFO     : radical.saga         version: 1.3.0
1590609635.888 : radical.saga         : 23424 : 139973683570432 : DEBUG    : listing  adaptor registry: {'adaptor_registry': ['radical.saga.adaptors.context.myproxy', 'radical.saga.adaptors.context.x509', 'radical.saga.adaptors.context.ssh', 'radical.saga.adaptors.context.userpass', 'radical.saga.adaptors.noop.noop_job', 'radical.saga.adaptors.shell.shell_job', 'radical.saga.adaptors.shell.shell_file', 'radical.saga.adaptors.shell.shell_resource', 'radical.saga.adaptors.redis.redis_advert', 'radical.saga.adaptors.sge.sgejob', 'radical.saga.adaptors.lsf.lsfjob', 'radical.saga.adaptors.condor.condorjob', 'radical.saga.adaptors.slurm.slurm_job', 'radical.saga.adaptors.http.http_file', 'radical.saga.adaptors.aws.ec2_resource', 'radical.saga.adaptors.loadl.loadljob', 'radical.saga.adaptors.globus_online.go_file', 'radical.saga.adaptors.torque.torquejob', 'radical.saga.adaptors.pbspro.pbsprojob', 'radical.saga.adaptors.srm.srmfile', 'radical.saga.adaptors.cobalt.cobaltjob']}
1590609635.888 : radical.saga         : 23424 : 139973683570432 : INFO     : loading  adaptor radical.saga.adaptors.context.myproxy
1590609635.891 : radical.saga         : 23424 : 139973683570432 : INFO     : Register adaptor radical.saga.adaptors.context.myproxy for radical.saga.Context API: ['myproxy://']
1590609635.891 : radical.saga         : 23424 : 139973683570432 : INFO     : loading  adaptor radical.saga.adaptors.context.x509
1590609635.892 : radical.saga         : 23424 : 139973683570432 : INFO     : Register adaptor radical.saga.adaptors.context.x509 for radical.saga.Context API: ['x509://']
1590609635.892 : radical.saga         : 23424 : 139973683570432 : INFO     : loading  adaptor radical.saga.adaptors.context.ssh
1590609635.893 : radical.saga         : 23424 : 139973683570432 : INFO     : Register adaptor radical.saga.adaptors.context.ssh for radical.saga.Context API: ['ssh://']
1590609635.893 : radical.saga         : 23424 : 139973683570432 : INFO     : loading  adaptor radical.saga.adaptors.context.userpass
1590609635.894 : radical.saga         : 23424 : 139973683570432 : INFO     : Register adaptor radical.saga.adaptors.context.userpass for radical.saga.Context API: ['userpass://']
1590609635.894 : radical.saga         : 23424 : 139973683570432 : INFO     : loading  adaptor radical.saga.adaptors.noop.noop_job
1590609635.898 : radical.saga         : 23424 : 139973683570432 : INFO     : Register adaptor radical.saga.adaptors.noop.noop_job for radical.saga.job.Service API: ['noop://']
1590609635.898 : radical.saga         : 23424 : 139973683570432 : INFO     : Register adaptor radical.saga.adaptors.noop.noop_job for radical.saga.job.Job API: ['noop://']
1590609635.898 : radical.saga         : 23424 : 139973683570432 : INFO     : loading  adaptor radical.saga.adaptors.shell.shell_job
1590609635.903 : radical.saga         : 23424 : 139973683570432 : INFO     : Register adaptor radical.saga.adaptors.shell.shell_job for radical.saga.job.Service API: ['fork://', 'local://', 'ssh://', 'gsissh://']
1590609635.903 : radical.saga         : 23424 : 139973683570432 : INFO     : Register adaptor radical.saga.adaptors.shell.shell_job for radical.saga.job.Job API: ['fork://', 'local://', 'ssh://', 'gsissh://']
1590609635.903 : radical.saga         : 23424 : 139973683570432 : INFO     : loading  adaptor radical.saga.adaptors.shell.shell_file
1590609635.907 : radical.saga         : 23424 : 139973683570432 : INFO     : Register adaptor radical.saga.adaptors.shell.shell_file for radical.saga.namespace.Directory API: ['file://', 'local://', 'sftp://', 'gsisftp://', 'ssh://', 'gsissh://']
1590609635.907 : radical.saga         : 23424 : 139973683570432 : INFO     : Register adaptor radical.saga.adaptors.shell.shell_file for radical.saga.namespace.Entry API: ['file://', 'local://', 'sftp://', 'gsisftp://', 'ssh://', 'gsissh://']
1590609635.907 : radical.saga         : 23424 : 139973683570432 : INFO     : Register adaptor radical.saga.adaptors.shell.shell_file for radical.saga.filesystem.Directory API: ['file://', 'local://', 'sftp://', 'gsisftp://', 'ssh://', 'gsissh://']
1590609635.907 : radical.saga         : 23424 : 139973683570432 : INFO     : Register adaptor radical.saga.adaptors.shell.shell_file for radical.saga.filesystem.File API: ['file://', 'local://', 'sftp://', 'gsisftp://', 'ssh://', 'gsissh://']
1590609635.907 : radical.saga         : 23424 : 139973683570432 : INFO     : loading  adaptor radical.saga.adaptors.shell.shell_resource
1590609635.909 : radical.saga         : 23424 : 139973683570432 : WARNING  : skip beta adaptor radical.saga.adaptors.shell.shell_resource (version v0.1.beta)
1590609635.909 : radical.saga         : 23424 : 139973683570432 : INFO     : loading  adaptor radical.saga.adaptors.redis.redis_advert
1590609635.911 : radical.saga         : 23424 : 139973683570432 : ERROR    : skip adaptor radical.saga.adaptors.redis.redis_advert: import failed (No module named 'redis')
Traceback (most recent call last):
  File "/home/aymen/radical.pilot.sandbox/rp.session.js-17-21.jetstream-cloud.org.aymen.018409.0006/pilot.0000/rp_install/lib/python3.7/site-packages/radical/saga/engine/engine.py", line 174, in _load_adaptors
    adaptor_module = ru.import_module(module_name)
  File "/home/aymen/radical.pilot.sandbox/rp.session.js-17-21.jetstream-cloud.org.aymen.018409.0006/pilot.0000/rp_install/lib/python3.7/site-packages/radical/utils/modules.py", line 21, in import_module
    mod = __import__(name)
  File "/home/aymen/radical.pilot.sandbox/rp.session.js-17-21.jetstream-cloud.org.aymen.018409.0006/pilot.0000/rp_install/lib/python3.7/site-packages/radical/saga/adaptors/redis/redis_advert.py", line 9, in <module>
    from . import redis_namespace as rns
  File "/home/aymen/radical.pilot.sandbox/rp.session.js-17-21.jetstream-cloud.org.aymen.018409.0006/pilot.0000/rp_install/lib/python3.7/site-packages/radical/saga/adaptors/redis/redis_namespace.py", line 52, in <module>
    import redis
ModuleNotFoundError: No module named 'redis'
1590609635.912 : radical.saga         : 23424 : 139973683570432 : INFO     : loading  adaptor radical.saga.adaptors.sge.sgejob
1590609635.915 : radical.saga         : 23424 : 139973683570432 : INFO     : Register adaptor radical.saga.adaptors.sge.sgejob for radical.saga.job.Service API: ['sge://', 'sge+ssh://', 'sge+gsissh://']
1590609635.915 : radical.saga         : 23424 : 139973683570432 : INFO     : Register adaptor radical.saga.adaptors.sge.sgejob for radical.saga.job.Job API: ['sge://', 'sge+ssh://', 'sge+gsissh://']
1590609635.915 : radical.saga         : 23424 : 139973683570432 : INFO     : loading  adaptor radical.saga.adaptors.lsf.lsfjob
1590609635.917 : radical.saga         : 23424 : 139973683570432 : INFO     : Register adaptor radical.saga.adaptors.lsf.lsfjob for radical.saga.job.Service API: ['lsf://', 'lsf+ssh://', 'lsf+gsissh://']
1590609635.917 : radical.saga         : 23424 : 139973683570432 : INFO     : Register adaptor radical.saga.adaptors.lsf.lsfjob for radical.saga.job.Job API: ['lsf://', 'lsf+ssh://', 'lsf+gsissh://']
1590609635.917 : radical.saga         : 23424 : 139973683570432 : INFO     : loading  adaptor radical.saga.adaptors.condor.condorjob
1590609635.919 : radical.saga         : 23424 : 139973683570432 : INFO     : Register adaptor radical.saga.adaptors.condor.condorjob for radical.saga.job.Service API: ['condor://', 'condor+ssh://', 'condor+gsissh://']
1590609635.919 : radical.saga         : 23424 : 139973683570432 : INFO     : Register adaptor radical.saga.adaptors.condor.condorjob for radical.saga.job.Job API: ['condor://', 'condor+ssh://', 'condor+gsissh://']
1590609635.919 : radical.saga         : 23424 : 139973683570432 : INFO     : loading  adaptor radical.saga.adaptors.slurm.slurm_job
1590609635.920 : radical.saga         : 23424 : 139973683570432 : INFO     : Register adaptor radical.saga.adaptors.slurm.slurm_job for radical.saga.job.Service API: ['slurm://', 'slurm+ssh://', 'slurm+gsissh://']
1590609635.920 : radical.saga         : 23424 : 139973683570432 : INFO     : Register adaptor radical.saga.adaptors.slurm.slurm_job for radical.saga.job.Job API: ['slurm://', 'slurm+ssh://', 'slurm+gsissh://']
1590609635.921 : radical.saga         : 23424 : 139973683570432 : INFO     : loading  adaptor radical.saga.adaptors.http.http_file
1590609635.929 : radical.saga         : 23424 : 139973683570432 : INFO     : Register adaptor radical.saga.adaptors.http.http_file for radical.saga.namespace.Entry API: ['http://', 'https://']
1590609635.929 : radical.saga         : 23424 : 139973683570432 : INFO     : Register adaptor radical.saga.adaptors.http.http_file for radical.saga.filesystem.File API: ['http://', 'https://']
1590609635.930 : radical.saga         : 23424 : 139973683570432 : INFO     : loading  adaptor radical.saga.adaptors.aws.ec2_resource
1590609635.933 : radical.saga         : 23424 : 139973683570432 : ERROR    : skip adaptor radical.saga.adaptors.aws.ec2_resource: test failed
Traceback (most recent call last):
  File "/home/aymen/radical.pilot.sandbox/rp.session.js-17-21.jetstream-cloud.org.aymen.018409.0006/pilot.0000/rp_install/lib/python3.7/site-packages/radical/saga/adaptors/aws/ec2_resource.py", line 144, in sanity_check
    self.lc   = __import__ ('libcloud',                   fromlist=[''])
ModuleNotFoundError: No module named 'libcloud'

The above exception was the direct cause of the following exception:

Traceback (most recent call last):
  File "/home/aymen/radical.pilot.sandbox/rp.session.js-17-21.jetstream-cloud.org.aymen.018409.0006/pilot.0000/rp_install/lib/python3.7/site-packages/radical/saga/engine/engine.py", line 207, in _load_adaptors
    adaptor_instance.sanity_check ()
  File "/home/aymen/radical.pilot.sandbox/rp.session.js-17-21.jetstream-cloud.org.aymen.018409.0006/pilot.0000/rp_install/lib/python3.7/site-packages/radical/saga/adaptors/aws/ec2_resource.py", line 178, in sanity_check
    raise rse.NoSuccess ("Cannot load libcloud") from e
radical.saga.exceptions.NoSuccess: Cannot load libcloud (/home/aymen/radical.pilot.sandbox/rp.session.js-17-21.jetstream-cloud.org.aymen.018409.0006/pilot.0000/rp_install/lib/python3.7/site-packages/radical/saga/adaptors/aws/ec2_resource.py +178 (sanity_check)  :  raise rse.NoSuccess ("Cannot load libcloud") from e)
1590609635.933 : radical.saga         : 23424 : 139973683570432 : INFO     : loading  adaptor radical.saga.adaptors.loadl.loadljob
1590609635.935 : radical.saga         : 23424 : 139973683570432 : INFO     : Register adaptor radical.saga.adaptors.loadl.loadljob for radical.saga.job.Service API: ['loadl://', 'loadl+ssh://', 'loadl+gsissh://']
1590609635.935 : radical.saga         : 23424 : 139973683570432 : INFO     : Register adaptor radical.saga.adaptors.loadl.loadljob for radical.saga.job.Job API: ['loadl://', 'loadl+ssh://', 'loadl+gsissh://']
1590609635.935 : radical.saga         : 23424 : 139973683570432 : INFO     : loading  adaptor radical.saga.adaptors.globus_online.go_file
1590609635.937 : radical.saga         : 23424 : 139973683570432 : INFO     : Register adaptor radical.saga.adaptors.globus_online.go_file for radical.saga.namespace.Directory API: ['go://']
1590609635.937 : radical.saga         : 23424 : 139973683570432 : INFO     : Register adaptor radical.saga.adaptors.globus_online.go_file for radical.saga.namespace.Entry API: ['go://']
1590609635.937 : radical.saga         : 23424 : 139973683570432 : INFO     : Register adaptor radical.saga.adaptors.globus_online.go_file for radical.saga.filesystem.Directory API: ['go://']
1590609635.937 : radical.saga         : 23424 : 139973683570432 : INFO     : Register adaptor radical.saga.adaptors.globus_online.go_file for radical.saga.filesystem.File API: ['go://']
1590609635.937 : radical.saga         : 23424 : 139973683570432 : INFO     : loading  adaptor radical.saga.adaptors.torque.torquejob
1590609635.938 : radical.saga         : 23424 : 139973683570432 : INFO     : Register adaptor radical.saga.adaptors.torque.torquejob for radical.saga.job.Service API: ['torque://', 'torque+ssh://', 'torque+gsissh://']
1590609635.938 : radical.saga         : 23424 : 139973683570432 : INFO     : Register adaptor radical.saga.adaptors.torque.torquejob for radical.saga.job.Job API: ['torque://', 'torque+ssh://', 'torque+gsissh://']
1590609635.938 : radical.saga         : 23424 : 139973683570432 : INFO     : loading  adaptor radical.saga.adaptors.pbspro.pbsprojob
1590609635.940 : radical.saga         : 23424 : 139973683570432 : INFO     : Register adaptor radical.saga.adaptors.pbspro.pbsprojob for radical.saga.job.Service API: ['pbspro://', 'pbspro+ssh://', 'pbspro+gsissh://']
1590609635.940 : radical.saga         : 23424 : 139973683570432 : INFO     : Register adaptor radical.saga.adaptors.pbspro.pbsprojob for radical.saga.job.Job API: ['pbspro://', 'pbspro+ssh://', 'pbspro+gsissh://']
1590609635.940 : radical.saga         : 23424 : 139973683570432 : INFO     : loading  adaptor radical.saga.adaptors.srm.srmfile
1590609635.941 : radical.saga         : 23424 : 139973683570432 : INFO     : Register adaptor radical.saga.adaptors.srm.srmfile for radical.saga.namespace.Directory API: ['srm://']
1590609635.941 : radical.saga         : 23424 : 139973683570432 : INFO     : Register adaptor radical.saga.adaptors.srm.srmfile for radical.saga.namespace.Entry API: ['srm://']
1590609635.941 : radical.saga         : 23424 : 139973683570432 : INFO     : Register adaptor radical.saga.adaptors.srm.srmfile for radical.saga.filesystem.Directory API: ['srm://']
1590609635.941 : radical.saga         : 23424 : 139973683570432 : INFO     : Register adaptor radical.saga.adaptors.srm.srmfile for radical.saga.filesystem.File API: ['srm://']
1590609635.941 : radical.saga         : 23424 : 139973683570432 : INFO     : loading  adaptor radical.saga.adaptors.cobalt.cobaltjob
1590609635.943 : radical.saga         : 23424 : 139973683570432 : INFO     : Register adaptor radical.saga.adaptors.cobalt.cobaltjob for radical.saga.job.Service API: ['cobalt://', 'cobalt+ssh://', 'cobalt+gsissh://']
1590609635.943 : radical.saga         : 23424 : 139973683570432 : INFO     : Register adaptor radical.saga.adaptors.cobalt.cobaltjob for radical.saga.job.Job API: ['cobalt://', 'cobalt+ssh://', 'cobalt+gsissh://']
1590609635.947 : radical.saga         : 23424 : 139973683570432 : DEBUG    : default context [radical.saga.adaptor.x509] : {'LifeTime' : '-1', 'Type' : 'X509', 'UserProxy' : '/tmp/x509up_u1000'}
1590609635.950 : radical.saga         : 23424 : 139973683570432 : WARNING  : cannot initialize context - no session: {'LifeTime' : '-1', 'Type' : 'X509', 'UserProxy' : '/tmp/x509up_u1000'}
1590609636.384 : radical.saga         : 23440 : 140355778680576 : INFO     : radical.saga         version: 1.3.0
1590609636.384 : radical.saga         : 23440 : 140355778680576 : DEBUG    : listing  adaptor registry: {'adaptor_registry': ['radical.saga.adaptors.context.myproxy', 'radical.saga.adaptors.context.x509', 'radical.saga.adaptors.context.ssh', 'radical.saga.adaptors.context.userpass', 'radical.saga.adaptors.noop.noop_job', 'radical.saga.adaptors.shell.shell_job', 'radical.saga.adaptors.shell.shell_file', 'radical.saga.adaptors.shell.shell_resource', 'radical.saga.adaptors.redis.redis_advert', 'radical.saga.adaptors.sge.sgejob', 'radical.saga.adaptors.lsf.lsfjob', 'radical.saga.adaptors.condor.condorjob', 'radical.saga.adaptors.slurm.slurm_job', 'radical.saga.adaptors.http.http_file', 'radical.saga.adaptors.aws.ec2_resource', 'radical.saga.adaptors.loadl.loadljob', 'radical.saga.adaptors.globus_online.go_file', 'radical.saga.adaptors.torque.torquejob', 'radical.saga.adaptors.pbspro.pbsprojob', 'radical.saga.adaptors.srm.srmfile', 'radical.saga.adaptors.cobalt.cobaltjob']}
1590609636.385 : radical.saga         : 23440 : 140355778680576 : INFO     : loading  adaptor radical.saga.adaptors.context.myproxy
1590609636.388 : radical.saga         : 23440 : 140355778680576 : INFO     : Register adaptor radical.saga.adaptors.context.myproxy for radical.saga.Context API: ['myproxy://']
1590609636.388 : radical.saga         : 23440 : 140355778680576 : INFO     : loading  adaptor radical.saga.adaptors.context.x509
1590609636.389 : radical.saga         : 23440 : 140355778680576 : INFO     : Register adaptor radical.saga.adaptors.context.x509 for radical.saga.Context API: ['x509://']
1590609636.389 : radical.saga         : 23440 : 140355778680576 : INFO     : loading  adaptor radical.saga.adaptors.context.ssh
1590609636.390 : radical.saga         : 23440 : 140355778680576 : INFO     : Register adaptor radical.saga.adaptors.context.ssh for radical.saga.Context API: ['ssh://']
1590609636.390 : radical.saga         : 23440 : 140355778680576 : INFO     : loading  adaptor radical.saga.adaptors.context.userpass
1590609636.391 : radical.saga         : 23440 : 140355778680576 : INFO     : Register adaptor radical.saga.adaptors.context.userpass for radical.saga.Context API: ['userpass://']
1590609636.391 : radical.saga         : 23440 : 140355778680576 : INFO     : loading  adaptor radical.saga.adaptors.noop.noop_job
1590609636.395 : radical.saga         : 23440 : 140355778680576 : INFO     : Register adaptor radical.saga.adaptors.noop.noop_job for radical.saga.job.Service API: ['noop://']
1590609636.395 : radical.saga         : 23440 : 140355778680576 : INFO     : Register adaptor radical.saga.adaptors.noop.noop_job for radical.saga.job.Job API: ['noop://']
1590609636.395 : radical.saga         : 23440 : 140355778680576 : INFO     : loading  adaptor radical.saga.adaptors.shell.shell_job
1590609636.401 : radical.saga         : 23440 : 140355778680576 : INFO     : Register adaptor radical.saga.adaptors.shell.shell_job for radical.saga.job.Service API: ['fork://', 'local://', 'ssh://', 'gsissh://']
1590609636.401 : radical.saga         : 23440 : 140355778680576 : INFO     : Register adaptor radical.saga.adaptors.shell.shell_job for radical.saga.job.Job API: ['fork://', 'local://', 'ssh://', 'gsissh://']
1590609636.401 : radical.saga         : 23440 : 140355778680576 : INFO     : loading  adaptor radical.saga.adaptors.shell.shell_file
1590609636.405 : radical.saga         : 23440 : 140355778680576 : INFO     : Register adaptor radical.saga.adaptors.shell.shell_file for radical.saga.namespace.Directory API: ['file://', 'local://', 'sftp://', 'gsisftp://', 'ssh://', 'gsissh://']
1590609636.406 : radical.saga         : 23440 : 140355778680576 : INFO     : Register adaptor radical.saga.adaptors.shell.shell_file for radical.saga.namespace.Entry API: ['file://', 'local://', 'sftp://', 'gsisftp://', 'ssh://', 'gsissh://']
1590609636.406 : radical.saga         : 23440 : 140355778680576 : INFO     : Register adaptor radical.saga.adaptors.shell.shell_file for radical.saga.filesystem.Directory API: ['file://', 'local://', 'sftp://', 'gsisftp://', 'ssh://', 'gsissh://']
1590609636.406 : radical.saga         : 23440 : 140355778680576 : INFO     : Register adaptor radical.saga.adaptors.shell.shell_file for radical.saga.filesystem.File API: ['file://', 'local://', 'sftp://', 'gsisftp://', 'ssh://', 'gsissh://']
1590609636.406 : radical.saga         : 23440 : 140355778680576 : INFO     : loading  adaptor radical.saga.adaptors.shell.shell_resource
1590609636.408 : radical.saga         : 23440 : 140355778680576 : WARNING  : skip beta adaptor radical.saga.adaptors.shell.shell_resource (version v0.1.beta)
1590609636.408 : radical.saga         : 23440 : 140355778680576 : INFO     : loading  adaptor radical.saga.adaptors.redis.redis_advert
1590609636.410 : radical.saga         : 23440 : 140355778680576 : ERROR    : skip adaptor radical.saga.adaptors.redis.redis_advert: import failed (No module named 'redis')
Traceback (most recent call last):
  File "/home/aymen/radical.pilot.sandbox/rp.session.js-17-21.jetstream-cloud.org.aymen.018409.0006/pilot.0000/rp_install/lib/python3.7/site-packages/radical/saga/engine/engine.py", line 174, in _load_adaptors
    adaptor_module = ru.import_module(module_name)
  File "/home/aymen/radical.pilot.sandbox/rp.session.js-17-21.jetstream-cloud.org.aymen.018409.0006/pilot.0000/rp_install/lib/python3.7/site-packages/radical/utils/modules.py", line 21, in import_module
    mod = __import__(name)
  File "/home/aymen/radical.pilot.sandbox/rp.session.js-17-21.jetstream-cloud.org.aymen.018409.0006/pilot.0000/rp_install/lib/python3.7/site-packages/radical/saga/adaptors/redis/redis_advert.py", line 9, in <module>
    from . import redis_namespace as rns
  File "/home/aymen/radical.pilot.sandbox/rp.session.js-17-21.jetstream-cloud.org.aymen.018409.0006/pilot.0000/rp_install/lib/python3.7/site-packages/radical/saga/adaptors/redis/redis_namespace.py", line 52, in <module>
    import redis
ModuleNotFoundError: No module named 'redis'
1590609636.411 : radical.saga         : 23440 : 140355778680576 : INFO     : loading  adaptor radical.saga.adaptors.sge.sgejob
1590609636.414 : radical.saga         : 23440 : 140355778680576 : INFO     : Register adaptor radical.saga.adaptors.sge.sgejob for radical.saga.job.Service API: ['sge://', 'sge+ssh://', 'sge+gsissh://']
1590609636.414 : radical.saga         : 23440 : 140355778680576 : INFO     : Register adaptor radical.saga.adaptors.sge.sgejob for radical.saga.job.Job API: ['sge://', 'sge+ssh://', 'sge+gsissh://']
1590609636.414 : radical.saga         : 23440 : 140355778680576 : INFO     : loading  adaptor radical.saga.adaptors.lsf.lsfjob
1590609636.416 : radical.saga         : 23440 : 140355778680576 : INFO     : Register adaptor radical.saga.adaptors.lsf.lsfjob for radical.saga.job.Service API: ['lsf://', 'lsf+ssh://', 'lsf+gsissh://']
1590609636.416 : radical.saga         : 23440 : 140355778680576 : INFO     : Register adaptor radical.saga.adaptors.lsf.lsfjob for radical.saga.job.Job API: ['lsf://', 'lsf+ssh://', 'lsf+gsissh://']
1590609636.416 : radical.saga         : 23440 : 140355778680576 : INFO     : loading  adaptor radical.saga.adaptors.condor.condorjob
1590609636.418 : radical.saga         : 23440 : 140355778680576 : INFO     : Register adaptor radical.saga.adaptors.condor.condorjob for radical.saga.job.Service API: ['condor://', 'condor+ssh://', 'condor+gsissh://']
1590609636.418 : radical.saga         : 23440 : 140355778680576 : INFO     : Register adaptor radical.saga.adaptors.condor.condorjob for radical.saga.job.Job API: ['condor://', 'condor+ssh://', 'condor+gsissh://']
1590609636.418 : radical.saga         : 23440 : 140355778680576 : INFO     : loading  adaptor radical.saga.adaptors.slurm.slurm_job
1590609636.420 : radical.saga         : 23440 : 140355778680576 : INFO     : Register adaptor radical.saga.adaptors.slurm.slurm_job for radical.saga.job.Service API: ['slurm://', 'slurm+ssh://', 'slurm+gsissh://']
1590609636.420 : radical.saga         : 23440 : 140355778680576 : INFO     : Register adaptor radical.saga.adaptors.slurm.slurm_job for radical.saga.job.Job API: ['slurm://', 'slurm+ssh://', 'slurm+gsissh://']
1590609636.420 : radical.saga         : 23440 : 140355778680576 : INFO     : loading  adaptor radical.saga.adaptors.http.http_file
1590609636.430 : radical.saga         : 23440 : 140355778680576 : INFO     : Register adaptor radical.saga.adaptors.http.http_file for radical.saga.namespace.Entry API: ['http://', 'https://']
1590609636.430 : radical.saga         : 23440 : 140355778680576 : INFO     : Register adaptor radical.saga.adaptors.http.http_file for radical.saga.filesystem.File API: ['http://', 'https://']
1590609636.430 : radical.saga         : 23440 : 140355778680576 : INFO     : loading  adaptor radical.saga.adaptors.aws.ec2_resource
1590609636.434 : radical.saga         : 23440 : 140355778680576 : ERROR    : skip adaptor radical.saga.adaptors.aws.ec2_resource: test failed
Traceback (most recent call last):
  File "/home/aymen/radical.pilot.sandbox/rp.session.js-17-21.jetstream-cloud.org.aymen.018409.0006/pilot.0000/rp_install/lib/python3.7/site-packages/radical/saga/adaptors/aws/ec2_resource.py", line 144, in sanity_check
    self.lc   = __import__ ('libcloud',                   fromlist=[''])
ModuleNotFoundError: No module named 'libcloud'

The above exception was the direct cause of the following exception:

Traceback (most recent call last):
  File "/home/aymen/radical.pilot.sandbox/rp.session.js-17-21.jetstream-cloud.org.aymen.018409.0006/pilot.0000/rp_install/lib/python3.7/site-packages/radical/saga/engine/engine.py", line 207, in _load_adaptors
    adaptor_instance.sanity_check ()
  File "/home/aymen/radical.pilot.sandbox/rp.session.js-17-21.jetstream-cloud.org.aymen.018409.0006/pilot.0000/rp_install/lib/python3.7/site-packages/radical/saga/adaptors/aws/ec2_resource.py", line 178, in sanity_check
    raise rse.NoSuccess ("Cannot load libcloud") from e
radical.saga.exceptions.NoSuccess: Cannot load libcloud (/home/aymen/radical.pilot.sandbox/rp.session.js-17-21.jetstream-cloud.org.aymen.018409.0006/pilot.0000/rp_install/lib/python3.7/site-packages/radical/saga/adaptors/aws/ec2_resource.py +178 (sanity_check)  :  raise rse.NoSuccess ("Cannot load libcloud") from e)
1590609636.434 : radical.saga         : 23440 : 140355778680576 : INFO     : loading  adaptor radical.saga.adaptors.loadl.loadljob
1590609636.436 : radical.saga         : 23440 : 140355778680576 : INFO     : Register adaptor radical.saga.adaptors.loadl.loadljob for radical.saga.job.Service API: ['loadl://', 'loadl+ssh://', 'loadl+gsissh://']
1590609636.436 : radical.saga         : 23440 : 140355778680576 : INFO     : Register adaptor radical.saga.adaptors.loadl.loadljob for radical.saga.job.Job API: ['loadl://', 'loadl+ssh://', 'loadl+gsissh://']
1590609636.436 : radical.saga         : 23440 : 140355778680576 : INFO     : loading  adaptor radical.saga.adaptors.globus_online.go_file
1590609636.438 : radical.saga         : 23440 : 140355778680576 : INFO     : Register adaptor radical.saga.adaptors.globus_online.go_file for radical.saga.namespace.Directory API: ['go://']
1590609636.438 : radical.saga         : 23440 : 140355778680576 : INFO     : Register adaptor radical.saga.adaptors.globus_online.go_file for radical.saga.namespace.Entry API: ['go://']
1590609636.438 : radical.saga         : 23440 : 140355778680576 : INFO     : Register adaptor radical.saga.adaptors.globus_online.go_file for radical.saga.filesystem.Directory API: ['go://']
1590609636.438 : radical.saga         : 23440 : 140355778680576 : INFO     : Register adaptor radical.saga.adaptors.globus_online.go_file for radical.saga.filesystem.File API: ['go://']
1590609636.438 : radical.saga         : 23440 : 140355778680576 : INFO     : loading  adaptor radical.saga.adaptors.torque.torquejob
1590609636.440 : radical.saga         : 23440 : 140355778680576 : INFO     : Register adaptor radical.saga.adaptors.torque.torquejob for radical.saga.job.Service API: ['torque://', 'torque+ssh://', 'torque+gsissh://']
1590609636.440 : radical.saga         : 23440 : 140355778680576 : INFO     : Register adaptor radical.saga.adaptors.torque.torquejob for radical.saga.job.Job API: ['torque://', 'torque+ssh://', 'torque+gsissh://']
1590609636.440 : radical.saga         : 23440 : 140355778680576 : INFO     : loading  adaptor radical.saga.adaptors.pbspro.pbsprojob
1590609636.441 : radical.saga         : 23440 : 140355778680576 : INFO     : Register adaptor radical.saga.adaptors.pbspro.pbsprojob for radical.saga.job.Service API: ['pbspro://', 'pbspro+ssh://', 'pbspro+gsissh://']
1590609636.442 : radical.saga         : 23440 : 140355778680576 : INFO     : Register adaptor radical.saga.adaptors.pbspro.pbsprojob for radical.saga.job.Job API: ['pbspro://', 'pbspro+ssh://', 'pbspro+gsissh://']
1590609636.442 : radical.saga         : 23440 : 140355778680576 : INFO     : loading  adaptor radical.saga.adaptors.srm.srmfile
1590609636.443 : radical.saga         : 23440 : 140355778680576 : INFO     : Register adaptor radical.saga.adaptors.srm.srmfile for radical.saga.namespace.Directory API: ['srm://']
1590609636.443 : radical.saga         : 23440 : 140355778680576 : INFO     : Register adaptor radical.saga.adaptors.srm.srmfile for radical.saga.namespace.Entry API: ['srm://']
1590609636.443 : radical.saga         : 23440 : 140355778680576 : INFO     : Register adaptor radical.saga.adaptors.srm.srmfile for radical.saga.filesystem.Directory API: ['srm://']
1590609636.443 : radical.saga         : 23440 : 140355778680576 : INFO     : Register adaptor radical.saga.adaptors.srm.srmfile for radical.saga.filesystem.File API: ['srm://']
1590609636.443 : radical.saga         : 23440 : 140355778680576 : INFO     : loading  adaptor radical.saga.adaptors.cobalt.cobaltjob
1590609636.445 : radical.saga         : 23440 : 140355778680576 : INFO     : Register adaptor radical.saga.adaptors.cobalt.cobaltjob for radical.saga.job.Service API: ['cobalt://', 'cobalt+ssh://', 'cobalt+gsissh://']
1590609636.445 : radical.saga         : 23440 : 140355778680576 : INFO     : Register adaptor radical.saga.adaptors.cobalt.cobaltjob for radical.saga.job.Job API: ['cobalt://', 'cobalt+ssh://', 'cobalt+gsissh://']
1590609636.450 : radical.saga         : 23440 : 140355778680576 : DEBUG    : default context [radical.saga.adaptor.x509] : {'LifeTime' : '-1', 'Type' : 'X509', 'UserProxy' : '/tmp/x509up_u1000'}
1590609636.453 : radical.saga         : 23440 : 140355778680576 : WARNING  : cannot initialize context - no session: {'LifeTime' : '-1', 'Type' : 'X509', 'UserProxy' : '/tmp/x509up_u1000'}
1590609636.791 : radical.saga         : 23451 : 140264144393984 : INFO     : radical.saga         version: 1.3.0
1590609636.791 : radical.saga         : 23451 : 140264144393984 : DEBUG    : listing  adaptor registry: {'adaptor_registry': ['radical.saga.adaptors.context.myproxy', 'radical.saga.adaptors.context.x509', 'radical.saga.adaptors.context.ssh', 'radical.saga.adaptors.context.userpass', 'radical.saga.adaptors.noop.noop_job', 'radical.saga.adaptors.shell.shell_job', 'radical.saga.adaptors.shell.shell_file', 'radical.saga.adaptors.shell.shell_resource', 'radical.saga.adaptors.redis.redis_advert', 'radical.saga.adaptors.sge.sgejob', 'radical.saga.adaptors.lsf.lsfjob', 'radical.saga.adaptors.condor.condorjob', 'radical.saga.adaptors.slurm.slurm_job', 'radical.saga.adaptors.http.http_file', 'radical.saga.adaptors.aws.ec2_resource', 'radical.saga.adaptors.loadl.loadljob', 'radical.saga.adaptors.globus_online.go_file', 'radical.saga.adaptors.torque.torquejob', 'radical.saga.adaptors.pbspro.pbsprojob', 'radical.saga.adaptors.srm.srmfile', 'radical.saga.adaptors.cobalt.cobaltjob']}
1590609636.792 : radical.saga         : 23451 : 140264144393984 : INFO     : loading  adaptor radical.saga.adaptors.context.myproxy
1590609636.795 : radical.saga         : 23451 : 140264144393984 : INFO     : Register adaptor radical.saga.adaptors.context.myproxy for radical.saga.Context API: ['myproxy://']
1590609636.795 : radical.saga         : 23451 : 140264144393984 : INFO     : loading  adaptor radical.saga.adaptors.context.x509
1590609636.796 : radical.saga         : 23451 : 140264144393984 : INFO     : Register adaptor radical.saga.adaptors.context.x509 for radical.saga.Context API: ['x509://']
1590609636.796 : radical.saga         : 23451 : 140264144393984 : INFO     : loading  adaptor radical.saga.adaptors.context.ssh
1590609636.797 : radical.saga         : 23451 : 140264144393984 : INFO     : Register adaptor radical.saga.adaptors.context.ssh for radical.saga.Context API: ['ssh://']
1590609636.797 : radical.saga         : 23451 : 140264144393984 : INFO     : loading  adaptor radical.saga.adaptors.context.userpass
1590609636.798 : radical.saga         : 23451 : 140264144393984 : INFO     : Register adaptor radical.saga.adaptors.context.userpass for radical.saga.Context API: ['userpass://']
1590609636.798 : radical.saga         : 23451 : 140264144393984 : INFO     : loading  adaptor radical.saga.adaptors.noop.noop_job
1590609636.802 : radical.saga         : 23451 : 140264144393984 : INFO     : Register adaptor radical.saga.adaptors.noop.noop_job for radical.saga.job.Service API: ['noop://']
1590609636.802 : radical.saga         : 23451 : 140264144393984 : INFO     : Register adaptor radical.saga.adaptors.noop.noop_job for radical.saga.job.Job API: ['noop://']
1590609636.802 : radical.saga         : 23451 : 140264144393984 : INFO     : loading  adaptor radical.saga.adaptors.shell.shell_job
1590609636.808 : radical.saga         : 23451 : 140264144393984 : INFO     : Register adaptor radical.saga.adaptors.shell.shell_job for radical.saga.job.Service API: ['fork://', 'local://', 'ssh://', 'gsissh://']
1590609636.808 : radical.saga         : 23451 : 140264144393984 : INFO     : Register adaptor radical.saga.adaptors.shell.shell_job for radical.saga.job.Job API: ['fork://', 'local://', 'ssh://', 'gsissh://']
1590609636.808 : radical.saga         : 23451 : 140264144393984 : INFO     : loading  adaptor radical.saga.adaptors.shell.shell_file
1590609636.812 : radical.saga         : 23451 : 140264144393984 : INFO     : Register adaptor radical.saga.adaptors.shell.shell_file for radical.saga.namespace.Directory API: ['file://', 'local://', 'sftp://', 'gsisftp://', 'ssh://', 'gsissh://']
1590609636.812 : radical.saga         : 23451 : 140264144393984 : INFO     : Register adaptor radical.saga.adaptors.shell.shell_file for radical.saga.namespace.Entry API: ['file://', 'local://', 'sftp://', 'gsisftp://', 'ssh://', 'gsissh://']
1590609636.812 : radical.saga         : 23451 : 140264144393984 : INFO     : Register adaptor radical.saga.adaptors.shell.shell_file for radical.saga.filesystem.Directory API: ['file://', 'local://', 'sftp://', 'gsisftp://', 'ssh://', 'gsissh://']
1590609636.813 : radical.saga         : 23451 : 140264144393984 : INFO     : Register adaptor radical.saga.adaptors.shell.shell_file for radical.saga.filesystem.File API: ['file://', 'local://', 'sftp://', 'gsisftp://', 'ssh://', 'gsissh://']
1590609636.813 : radical.saga         : 23451 : 140264144393984 : INFO     : loading  adaptor radical.saga.adaptors.shell.shell_resource
1590609636.815 : radical.saga         : 23451 : 140264144393984 : WARNING  : skip beta adaptor radical.saga.adaptors.shell.shell_resource (version v0.1.beta)
1590609636.815 : radical.saga         : 23451 : 140264144393984 : INFO     : loading  adaptor radical.saga.adaptors.redis.redis_advert
1590609636.817 : radical.saga         : 23451 : 140264144393984 : ERROR    : skip adaptor radical.saga.adaptors.redis.redis_advert: import failed (No module named 'redis')
Traceback (most recent call last):
  File "/home/aymen/radical.pilot.sandbox/rp.session.js-17-21.jetstream-cloud.org.aymen.018409.0006/pilot.0000/rp_install/lib/python3.7/site-packages/radical/saga/engine/engine.py", line 174, in _load_adaptors
    adaptor_module = ru.import_module(module_name)
  File "/home/aymen/radical.pilot.sandbox/rp.session.js-17-21.jetstream-cloud.org.aymen.018409.0006/pilot.0000/rp_install/lib/python3.7/site-packages/radical/utils/modules.py", line 21, in import_module
    mod = __import__(name)
  File "/home/aymen/radical.pilot.sandbox/rp.session.js-17-21.jetstream-cloud.org.aymen.018409.0006/pilot.0000/rp_install/lib/python3.7/site-packages/radical/saga/adaptors/redis/redis_advert.py", line 9, in <module>
    from . import redis_namespace as rns
  File "/home/aymen/radical.pilot.sandbox/rp.session.js-17-21.jetstream-cloud.org.aymen.018409.0006/pilot.0000/rp_install/lib/python3.7/site-packages/radical/saga/adaptors/redis/redis_namespace.py", line 52, in <module>
    import redis
ModuleNotFoundError: No module named 'redis'
1590609636.818 : radical.saga         : 23451 : 140264144393984 : INFO     : loading  adaptor radical.saga.adaptors.sge.sgejob
1590609636.821 : radical.saga         : 23451 : 140264144393984 : INFO     : Register adaptor radical.saga.adaptors.sge.sgejob for radical.saga.job.Service API: ['sge://', 'sge+ssh://', 'sge+gsissh://']
1590609636.821 : radical.saga         : 23451 : 140264144393984 : INFO     : Register adaptor radical.saga.adaptors.sge.sgejob for radical.saga.job.Job API: ['sge://', 'sge+ssh://', 'sge+gsissh://']
1590609636.821 : radical.saga         : 23451 : 140264144393984 : INFO     : loading  adaptor radical.saga.adaptors.lsf.lsfjob
1590609636.823 : radical.saga         : 23451 : 140264144393984 : INFO     : Register adaptor radical.saga.adaptors.lsf.lsfjob for radical.saga.job.Service API: ['lsf://', 'lsf+ssh://', 'lsf+gsissh://']
1590609636.823 : radical.saga         : 23451 : 140264144393984 : INFO     : Register adaptor radical.saga.adaptors.lsf.lsfjob for radical.saga.job.Job API: ['lsf://', 'lsf+ssh://', 'lsf+gsissh://']
1590609636.823 : radical.saga         : 23451 : 140264144393984 : INFO     : loading  adaptor radical.saga.adaptors.condor.condorjob
1590609636.825 : radical.saga         : 23451 : 140264144393984 : INFO     : Register adaptor radical.saga.adaptors.condor.condorjob for radical.saga.job.Service API: ['condor://', 'condor+ssh://', 'condor+gsissh://']
1590609636.825 : radical.saga         : 23451 : 140264144393984 : INFO     : Register adaptor radical.saga.adaptors.condor.condorjob for radical.saga.job.Job API: ['condor://', 'condor+ssh://', 'condor+gsissh://']
1590609636.826 : radical.saga         : 23451 : 140264144393984 : INFO     : loading  adaptor radical.saga.adaptors.slurm.slurm_job
1590609636.827 : radical.saga         : 23451 : 140264144393984 : INFO     : Register adaptor radical.saga.adaptors.slurm.slurm_job for radical.saga.job.Service API: ['slurm://', 'slurm+ssh://', 'slurm+gsissh://']
1590609636.827 : radical.saga         : 23451 : 140264144393984 : INFO     : Register adaptor radical.saga.adaptors.slurm.slurm_job for radical.saga.job.Job API: ['slurm://', 'slurm+ssh://', 'slurm+gsissh://']
1590609636.827 : radical.saga         : 23451 : 140264144393984 : INFO     : loading  adaptor radical.saga.adaptors.http.http_file
1590609636.837 : radical.saga         : 23451 : 140264144393984 : INFO     : Register adaptor radical.saga.adaptors.http.http_file for radical.saga.namespace.Entry API: ['http://', 'https://']
1590609636.837 : radical.saga         : 23451 : 140264144393984 : INFO     : Register adaptor radical.saga.adaptors.http.http_file for radical.saga.filesystem.File API: ['http://', 'https://']
1590609636.837 : radical.saga         : 23451 : 140264144393984 : INFO     : loading  adaptor radical.saga.adaptors.aws.ec2_resource
1590609636.841 : radical.saga         : 23451 : 140264144393984 : ERROR    : skip adaptor radical.saga.adaptors.aws.ec2_resource: test failed
Traceback (most recent call last):
  File "/home/aymen/radical.pilot.sandbox/rp.session.js-17-21.jetstream-cloud.org.aymen.018409.0006/pilot.0000/rp_install/lib/python3.7/site-packages/radical/saga/adaptors/aws/ec2_resource.py", line 144, in sanity_check
    self.lc   = __import__ ('libcloud',                   fromlist=[''])
ModuleNotFoundError: No module named 'libcloud'

The above exception was the direct cause of the following exception:

Traceback (most recent call last):
  File "/home/aymen/radical.pilot.sandbox/rp.session.js-17-21.jetstream-cloud.org.aymen.018409.0006/pilot.0000/rp_install/lib/python3.7/site-packages/radical/saga/engine/engine.py", line 207, in _load_adaptors
    adaptor_instance.sanity_check ()
  File "/home/aymen/radical.pilot.sandbox/rp.session.js-17-21.jetstream-cloud.org.aymen.018409.0006/pilot.0000/rp_install/lib/python3.7/site-packages/radical/saga/adaptors/aws/ec2_resource.py", line 178, in sanity_check
    raise rse.NoSuccess ("Cannot load libcloud") from e
radical.saga.exceptions.NoSuccess: Cannot load libcloud (/home/aymen/radical.pilot.sandbox/rp.session.js-17-21.jetstream-cloud.org.aymen.018409.0006/pilot.0000/rp_install/lib/python3.7/site-packages/radical/saga/adaptors/aws/ec2_resource.py +178 (sanity_check)  :  raise rse.NoSuccess ("Cannot load libcloud") from e)
1590609636.841 : radical.saga         : 23451 : 140264144393984 : INFO     : loading  adaptor radical.saga.adaptors.loadl.loadljob
1590609636.842 : radical.saga         : 23451 : 140264144393984 : INFO     : Register adaptor radical.saga.adaptors.loadl.loadljob for radical.saga.job.Service API: ['loadl://', 'loadl+ssh://', 'loadl+gsissh://']
1590609636.843 : radical.saga         : 23451 : 140264144393984 : INFO     : Register adaptor radical.saga.adaptors.loadl.loadljob for radical.saga.job.Job API: ['loadl://', 'loadl+ssh://', 'loadl+gsissh://']
1590609636.843 : radical.saga         : 23451 : 140264144393984 : INFO     : loading  adaptor radical.saga.adaptors.globus_online.go_file
1590609636.845 : radical.saga         : 23451 : 140264144393984 : INFO     : Register adaptor radical.saga.adaptors.globus_online.go_file for radical.saga.namespace.Directory API: ['go://']
1590609636.845 : radical.saga         : 23451 : 140264144393984 : INFO     : Register adaptor radical.saga.adaptors.globus_online.go_file for radical.saga.namespace.Entry API: ['go://']
1590609636.845 : radical.saga         : 23451 : 140264144393984 : INFO     : Register adaptor radical.saga.adaptors.globus_online.go_file for radical.saga.filesystem.Directory API: ['go://']
1590609636.845 : radical.saga         : 23451 : 140264144393984 : INFO     : Register adaptor radical.saga.adaptors.globus_online.go_file for radical.saga.filesystem.File API: ['go://']
1590609636.845 : radical.saga         : 23451 : 140264144393984 : INFO     : loading  adaptor radical.saga.adaptors.torque.torquejob
1590609636.846 : radical.saga         : 23451 : 140264144393984 : INFO     : Register adaptor radical.saga.adaptors.torque.torquejob for radical.saga.job.Service API: ['torque://', 'torque+ssh://', 'torque+gsissh://']
1590609636.847 : radical.saga         : 23451 : 140264144393984 : INFO     : Register adaptor radical.saga.adaptors.torque.torquejob for radical.saga.job.Job API: ['torque://', 'torque+ssh://', 'torque+gsissh://']
1590609636.847 : radical.saga         : 23451 : 140264144393984 : INFO     : loading  adaptor radical.saga.adaptors.pbspro.pbsprojob
1590609636.848 : radical.saga         : 23451 : 140264144393984 : INFO     : Register adaptor radical.saga.adaptors.pbspro.pbsprojob for radical.saga.job.Service API: ['pbspro://', 'pbspro+ssh://', 'pbspro+gsissh://']
1590609636.848 : radical.saga         : 23451 : 140264144393984 : INFO     : Register adaptor radical.saga.adaptors.pbspro.pbsprojob for radical.saga.job.Job API: ['pbspro://', 'pbspro+ssh://', 'pbspro+gsissh://']
1590609636.848 : radical.saga         : 23451 : 140264144393984 : INFO     : loading  adaptor radical.saga.adaptors.srm.srmfile
1590609636.849 : radical.saga         : 23451 : 140264144393984 : INFO     : Register adaptor radical.saga.adaptors.srm.srmfile for radical.saga.namespace.Directory API: ['srm://']
1590609636.849 : radical.saga         : 23451 : 140264144393984 : INFO     : Register adaptor radical.saga.adaptors.srm.srmfile for radical.saga.namespace.Entry API: ['srm://']
1590609636.849 : radical.saga         : 23451 : 140264144393984 : INFO     : Register adaptor radical.saga.adaptors.srm.srmfile for radical.saga.filesystem.Directory API: ['srm://']
1590609636.850 : radical.saga         : 23451 : 140264144393984 : INFO     : Register adaptor radical.saga.adaptors.srm.srmfile for radical.saga.filesystem.File API: ['srm://']
1590609636.850 : radical.saga         : 23451 : 140264144393984 : INFO     : loading  adaptor radical.saga.adaptors.cobalt.cobaltjob
1590609636.851 : radical.saga         : 23451 : 140264144393984 : INFO     : Register adaptor radical.saga.adaptors.cobalt.cobaltjob for radical.saga.job.Service API: ['cobalt://', 'cobalt+ssh://', 'cobalt+gsissh://']
1590609636.852 : radical.saga         : 23451 : 140264144393984 : INFO     : Register adaptor radical.saga.adaptors.cobalt.cobaltjob for radical.saga.job.Job API: ['cobalt://', 'cobalt+ssh://', 'cobalt+gsissh://']
1590609636.856 : radical.saga         : 23451 : 140264144393984 : DEBUG    : default context [radical.saga.adaptor.x509] : {'LifeTime' : '-1', 'Type' : 'X509', 'UserProxy' : '/tmp/x509up_u1000'}
1590609636.859 : radical.saga         : 23451 : 140264144393984 : WARNING  : cannot initialize context - no session: {'LifeTime' : '-1', 'Type' : 'X509', 'UserProxy' : '/tmp/x509up_u1000'}
1590609637.244 : radical.saga         : 23480 : 139977321322240 : INFO     : radical.saga         version: 1.3.0
1590609637.245 : radical.saga         : 23480 : 139977321322240 : DEBUG    : listing  adaptor registry: {'adaptor_registry': ['radical.saga.adaptors.context.myproxy', 'radical.saga.adaptors.context.x509', 'radical.saga.adaptors.context.ssh', 'radical.saga.adaptors.context.userpass', 'radical.saga.adaptors.noop.noop_job', 'radical.saga.adaptors.shell.shell_job', 'radical.saga.adaptors.shell.shell_file', 'radical.saga.adaptors.shell.shell_resource', 'radical.saga.adaptors.redis.redis_advert', 'radical.saga.adaptors.sge.sgejob', 'radical.saga.adaptors.lsf.lsfjob', 'radical.saga.adaptors.condor.condorjob', 'radical.saga.adaptors.slurm.slurm_job', 'radical.saga.adaptors.http.http_file', 'radical.saga.adaptors.aws.ec2_resource', 'radical.saga.adaptors.loadl.loadljob', 'radical.saga.adaptors.globus_online.go_file', 'radical.saga.adaptors.torque.torquejob', 'radical.saga.adaptors.pbspro.pbsprojob', 'radical.saga.adaptors.srm.srmfile', 'radical.saga.adaptors.cobalt.cobaltjob']}
1590609637.245 : radical.saga         : 23480 : 139977321322240 : INFO     : loading  adaptor radical.saga.adaptors.context.myproxy
1590609637.248 : radical.saga         : 23480 : 139977321322240 : INFO     : Register adaptor radical.saga.adaptors.context.myproxy for radical.saga.Context API: ['myproxy://']
1590609637.248 : radical.saga         : 23480 : 139977321322240 : INFO     : loading  adaptor radical.saga.adaptors.context.x509
1590609637.249 : radical.saga         : 23480 : 139977321322240 : INFO     : Register adaptor radical.saga.adaptors.context.x509 for radical.saga.Context API: ['x509://']
1590609637.249 : radical.saga         : 23480 : 139977321322240 : INFO     : loading  adaptor radical.saga.adaptors.context.ssh
1590609637.250 : radical.saga         : 23480 : 139977321322240 : INFO     : Register adaptor radical.saga.adaptors.context.ssh for radical.saga.Context API: ['ssh://']
1590609637.250 : radical.saga         : 23480 : 139977321322240 : INFO     : loading  adaptor radical.saga.adaptors.context.userpass
1590609637.251 : radical.saga         : 23480 : 139977321322240 : INFO     : Register adaptor radical.saga.adaptors.context.userpass for radical.saga.Context API: ['userpass://']
1590609637.251 : radical.saga         : 23480 : 139977321322240 : INFO     : loading  adaptor radical.saga.adaptors.noop.noop_job
1590609637.255 : radical.saga         : 23480 : 139977321322240 : INFO     : Register adaptor radical.saga.adaptors.noop.noop_job for radical.saga.job.Service API: ['noop://']
1590609637.255 : radical.saga         : 23480 : 139977321322240 : INFO     : Register adaptor radical.saga.adaptors.noop.noop_job for radical.saga.job.Job API: ['noop://']
1590609637.255 : radical.saga         : 23480 : 139977321322240 : INFO     : loading  adaptor radical.saga.adaptors.shell.shell_job
1590609637.261 : radical.saga         : 23480 : 139977321322240 : INFO     : Register adaptor radical.saga.adaptors.shell.shell_job for radical.saga.job.Service API: ['fork://', 'local://', 'ssh://', 'gsissh://']
1590609637.261 : radical.saga         : 23480 : 139977321322240 : INFO     : Register adaptor radical.saga.adaptors.shell.shell_job for radical.saga.job.Job API: ['fork://', 'local://', 'ssh://', 'gsissh://']
1590609637.262 : radical.saga         : 23480 : 139977321322240 : INFO     : loading  adaptor radical.saga.adaptors.shell.shell_file
1590609637.266 : radical.saga         : 23480 : 139977321322240 : INFO     : Register adaptor radical.saga.adaptors.shell.shell_file for radical.saga.namespace.Directory API: ['file://', 'local://', 'sftp://', 'gsisftp://', 'ssh://', 'gsissh://']
1590609637.266 : radical.saga         : 23480 : 139977321322240 : INFO     : Register adaptor radical.saga.adaptors.shell.shell_file for radical.saga.namespace.Entry API: ['file://', 'local://', 'sftp://', 'gsisftp://', 'ssh://', 'gsissh://']
1590609637.266 : radical.saga         : 23480 : 139977321322240 : INFO     : Register adaptor radical.saga.adaptors.shell.shell_file for radical.saga.filesystem.Directory API: ['file://', 'local://', 'sftp://', 'gsisftp://', 'ssh://', 'gsissh://']
1590609637.266 : radical.saga         : 23480 : 139977321322240 : INFO     : Register adaptor radical.saga.adaptors.shell.shell_file for radical.saga.filesystem.File API: ['file://', 'local://', 'sftp://', 'gsisftp://', 'ssh://', 'gsissh://']
1590609637.266 : radical.saga         : 23480 : 139977321322240 : INFO     : loading  adaptor radical.saga.adaptors.shell.shell_resource
1590609637.268 : radical.saga         : 23480 : 139977321322240 : WARNING  : skip beta adaptor radical.saga.adaptors.shell.shell_resource (version v0.1.beta)
1590609637.268 : radical.saga         : 23480 : 139977321322240 : INFO     : loading  adaptor radical.saga.adaptors.redis.redis_advert
1590609637.270 : radical.saga         : 23480 : 139977321322240 : ERROR    : skip adaptor radical.saga.adaptors.redis.redis_advert: import failed (No module named 'redis')
Traceback (most recent call last):
  File "/home/aymen/radical.pilot.sandbox/rp.session.js-17-21.jetstream-cloud.org.aymen.018409.0006/pilot.0000/rp_install/lib/python3.7/site-packages/radical/saga/engine/engine.py", line 174, in _load_adaptors
    adaptor_module = ru.import_module(module_name)
  File "/home/aymen/radical.pilot.sandbox/rp.session.js-17-21.jetstream-cloud.org.aymen.018409.0006/pilot.0000/rp_install/lib/python3.7/site-packages/radical/utils/modules.py", line 21, in import_module
    mod = __import__(name)
  File "/home/aymen/radical.pilot.sandbox/rp.session.js-17-21.jetstream-cloud.org.aymen.018409.0006/pilot.0000/rp_install/lib/python3.7/site-packages/radical/saga/adaptors/redis/redis_advert.py", line 9, in <module>
    from . import redis_namespace as rns
  File "/home/aymen/radical.pilot.sandbox/rp.session.js-17-21.jetstream-cloud.org.aymen.018409.0006/pilot.0000/rp_install/lib/python3.7/site-packages/radical/saga/adaptors/redis/redis_namespace.py", line 52, in <module>
    import redis
ModuleNotFoundError: No module named 'redis'
1590609637.271 : radical.saga         : 23480 : 139977321322240 : INFO     : loading  adaptor radical.saga.adaptors.sge.sgejob
1590609637.274 : radical.saga         : 23480 : 139977321322240 : INFO     : Register adaptor radical.saga.adaptors.sge.sgejob for radical.saga.job.Service API: ['sge://', 'sge+ssh://', 'sge+gsissh://']
1590609637.274 : radical.saga         : 23480 : 139977321322240 : INFO     : Register adaptor radical.saga.adaptors.sge.sgejob for radical.saga.job.Job API: ['sge://', 'sge+ssh://', 'sge+gsissh://']
1590609637.274 : radical.saga         : 23480 : 139977321322240 : INFO     : loading  adaptor radical.saga.adaptors.lsf.lsfjob
1590609637.276 : radical.saga         : 23480 : 139977321322240 : INFO     : Register adaptor radical.saga.adaptors.lsf.lsfjob for radical.saga.job.Service API: ['lsf://', 'lsf+ssh://', 'lsf+gsissh://']
1590609637.276 : radical.saga         : 23480 : 139977321322240 : INFO     : Register adaptor radical.saga.adaptors.lsf.lsfjob for radical.saga.job.Job API: ['lsf://', 'lsf+ssh://', 'lsf+gsissh://']
1590609637.276 : radical.saga         : 23480 : 139977321322240 : INFO     : loading  adaptor radical.saga.adaptors.condor.condorjob
1590609637.279 : radical.saga         : 23480 : 139977321322240 : INFO     : Register adaptor radical.saga.adaptors.condor.condorjob for radical.saga.job.Service API: ['condor://', 'condor+ssh://', 'condor+gsissh://']
1590609637.279 : radical.saga         : 23480 : 139977321322240 : INFO     : Register adaptor radical.saga.adaptors.condor.condorjob for radical.saga.job.Job API: ['condor://', 'condor+ssh://', 'condor+gsissh://']
1590609637.279 : radical.saga         : 23480 : 139977321322240 : INFO     : loading  adaptor radical.saga.adaptors.slurm.slurm_job
1590609637.280 : radical.saga         : 23480 : 139977321322240 : INFO     : Register adaptor radical.saga.adaptors.slurm.slurm_job for radical.saga.job.Service API: ['slurm://', 'slurm+ssh://', 'slurm+gsissh://']
1590609637.280 : radical.saga         : 23480 : 139977321322240 : INFO     : Register adaptor radical.saga.adaptors.slurm.slurm_job for radical.saga.job.Job API: ['slurm://', 'slurm+ssh://', 'slurm+gsissh://']
1590609637.281 : radical.saga         : 23480 : 139977321322240 : INFO     : loading  adaptor radical.saga.adaptors.http.http_file
1590609637.290 : radical.saga         : 23480 : 139977321322240 : INFO     : Register adaptor radical.saga.adaptors.http.http_file for radical.saga.namespace.Entry API: ['http://', 'https://']
1590609637.290 : radical.saga         : 23480 : 139977321322240 : INFO     : Register adaptor radical.saga.adaptors.http.http_file for radical.saga.filesystem.File API: ['http://', 'https://']
1590609637.290 : radical.saga         : 23480 : 139977321322240 : INFO     : loading  adaptor radical.saga.adaptors.aws.ec2_resource
1590609637.294 : radical.saga         : 23480 : 139977321322240 : ERROR    : skip adaptor radical.saga.adaptors.aws.ec2_resource: test failed
Traceback (most recent call last):
  File "/home/aymen/radical.pilot.sandbox/rp.session.js-17-21.jetstream-cloud.org.aymen.018409.0006/pilot.0000/rp_install/lib/python3.7/site-packages/radical/saga/adaptors/aws/ec2_resource.py", line 144, in sanity_check
    self.lc   = __import__ ('libcloud',                   fromlist=[''])
ModuleNotFoundError: No module named 'libcloud'

The above exception was the direct cause of the following exception:

Traceback (most recent call last):
  File "/home/aymen/radical.pilot.sandbox/rp.session.js-17-21.jetstream-cloud.org.aymen.018409.0006/pilot.0000/rp_install/lib/python3.7/site-packages/radical/saga/engine/engine.py", line 207, in _load_adaptors
    adaptor_instance.sanity_check ()
  File "/home/aymen/radical.pilot.sandbox/rp.session.js-17-21.jetstream-cloud.org.aymen.018409.0006/pilot.0000/rp_install/lib/python3.7/site-packages/radical/saga/adaptors/aws/ec2_resource.py", line 178, in sanity_check
    raise rse.NoSuccess ("Cannot load libcloud") from e
radical.saga.exceptions.NoSuccess: Cannot load libcloud (/home/aymen/radical.pilot.sandbox/rp.session.js-17-21.jetstream-cloud.org.aymen.018409.0006/pilot.0000/rp_install/lib/python3.7/site-packages/radical/saga/adaptors/aws/ec2_resource.py +178 (sanity_check)  :  raise rse.NoSuccess ("Cannot load libcloud") from e)
1590609637.294 : radical.saga         : 23480 : 139977321322240 : INFO     : loading  adaptor radical.saga.adaptors.loadl.loadljob
1590609637.296 : radical.saga         : 23480 : 139977321322240 : INFO     : Register adaptor radical.saga.adaptors.loadl.loadljob for radical.saga.job.Service API: ['loadl://', 'loadl+ssh://', 'loadl+gsissh://']
1590609637.296 : radical.saga         : 23480 : 139977321322240 : INFO     : Register adaptor radical.saga.adaptors.loadl.loadljob for radical.saga.job.Job API: ['loadl://', 'loadl+ssh://', 'loadl+gsissh://']
1590609637.296 : radical.saga         : 23480 : 139977321322240 : INFO     : loading  adaptor radical.saga.adaptors.globus_online.go_file
1590609637.298 : radical.saga         : 23480 : 139977321322240 : INFO     : Register adaptor radical.saga.adaptors.globus_online.go_file for radical.saga.namespace.Directory API: ['go://']
1590609637.298 : radical.saga         : 23480 : 139977321322240 : INFO     : Register adaptor radical.saga.adaptors.globus_online.go_file for radical.saga.namespace.Entry API: ['go://']
1590609637.298 : radical.saga         : 23480 : 139977321322240 : INFO     : Register adaptor radical.saga.adaptors.globus_online.go_file for radical.saga.filesystem.Directory API: ['go://']
1590609637.298 : radical.saga         : 23480 : 139977321322240 : INFO     : Register adaptor radical.saga.adaptors.globus_online.go_file for radical.saga.filesystem.File API: ['go://']
1590609637.298 : radical.saga         : 23480 : 139977321322240 : INFO     : loading  adaptor radical.saga.adaptors.torque.torquejob
1590609637.299 : radical.saga         : 23480 : 139977321322240 : INFO     : Register adaptor radical.saga.adaptors.torque.torquejob for radical.saga.job.Service API: ['torque://', 'torque+ssh://', 'torque+gsissh://']
1590609637.300 : radical.saga         : 23480 : 139977321322240 : INFO     : Register adaptor radical.saga.adaptors.torque.torquejob for radical.saga.job.Job API: ['torque://', 'torque+ssh://', 'torque+gsissh://']
1590609637.300 : radical.saga         : 23480 : 139977321322240 : INFO     : loading  adaptor radical.saga.adaptors.pbspro.pbsprojob
1590609637.301 : radical.saga         : 23480 : 139977321322240 : INFO     : Register adaptor radical.saga.adaptors.pbspro.pbsprojob for radical.saga.job.Service API: ['pbspro://', 'pbspro+ssh://', 'pbspro+gsissh://']
1590609637.301 : radical.saga         : 23480 : 139977321322240 : INFO     : Register adaptor radical.saga.adaptors.pbspro.pbsprojob for radical.saga.job.Job API: ['pbspro://', 'pbspro+ssh://', 'pbspro+gsissh://']
1590609637.301 : radical.saga         : 23480 : 139977321322240 : INFO     : loading  adaptor radical.saga.adaptors.srm.srmfile
1590609637.302 : radical.saga         : 23480 : 139977321322240 : INFO     : Register adaptor radical.saga.adaptors.srm.srmfile for radical.saga.namespace.Directory API: ['srm://']
1590609637.302 : radical.saga         : 23480 : 139977321322240 : INFO     : Register adaptor radical.saga.adaptors.srm.srmfile for radical.saga.namespace.Entry API: ['srm://']
1590609637.302 : radical.saga         : 23480 : 139977321322240 : INFO     : Register adaptor radical.saga.adaptors.srm.srmfile for radical.saga.filesystem.Directory API: ['srm://']
1590609637.303 : radical.saga         : 23480 : 139977321322240 : INFO     : Register adaptor radical.saga.adaptors.srm.srmfile for radical.saga.filesystem.File API: ['srm://']
1590609637.303 : radical.saga         : 23480 : 139977321322240 : INFO     : loading  adaptor radical.saga.adaptors.cobalt.cobaltjob
1590609637.305 : radical.saga         : 23480 : 139977321322240 : INFO     : Register adaptor radical.saga.adaptors.cobalt.cobaltjob for radical.saga.job.Service API: ['cobalt://', 'cobalt+ssh://', 'cobalt+gsissh://']
1590609637.305 : radical.saga         : 23480 : 139977321322240 : INFO     : Register adaptor radical.saga.adaptors.cobalt.cobaltjob for radical.saga.job.Job API: ['cobalt://', 'cobalt+ssh://', 'cobalt+gsissh://']
1590609637.309 : radical.saga         : 23480 : 139977321322240 : DEBUG    : default context [radical.saga.adaptor.x509] : {'LifeTime' : '-1', 'Type' : 'X509', 'UserProxy' : '/tmp/x509up_u1000'}
1590609637.312 : radical.saga         : 23480 : 139977321322240 : WARNING  : cannot initialize context - no session: {'LifeTime' : '-1', 'Type' : 'X509', 'UserProxy' : '/tmp/x509up_u1000'}
